-------------------------------------------------------------------------------
Test set: CreatingLoginTest
-------------------------------------------------------------------------------
Tests run: 8, Failures: 1, Errors: 0, Skipped: 0, Time elapsed: 65.562 s <<< FAILURE! - in CreatingLoginTest
errorWhenPasswordIsMissing(CreatingLoginTest)  Time elapsed: 60.624 s  <<< FAILURE!
java.lang.AssertionError: 
1 expectation failed.
Expected status code <400> but was <504>.

	at CreatingLoginTest.errorWhenPasswordIsMissing(CreatingLoginTest.java:108)

