<?xml version="1.0" encoding="UTF-8"?>
<testsuite xmlns:xsi="http://www.w3.org/2001/XMLSchema-instance" xsi:noNamespaceSchemaLocation="https://maven.apache.org/surefire/maven-surefire-plugin/xsd/surefire-test-report.xsd" name="CreatingCourierTest" time="6.441" tests="8" errors="0" skipped="0" failures="0">
  <properties>
[...]
</properties>
  <testcase name="errorWhenPasswordIsMissing" classname="CreatingCourierTest" time="2.904"/>
  <testcase name="errorWhenLoginAlreadyExists" classname="CreatingCourierTest" time="0.77"/>
  <testcase name="courierCanBeCreatedWithAllRequiredFields" classname="CreatingCourierTest" time="0.475"/>
  <testcase name="cannotCreateTwoIdenticalCouriers" classname="CreatingCourierTest" time="0.617"/>
  <testcase name="errorWhenLoginIsMissing" classname="CreatingCourierTest" time="0.165"/>
  <testcase name="successfulRequestReturns201" classname="CreatingCourierTest" time="0.463"/>
  <testcase name="successfulRequestReturnsOkTrue" classname="CreatingCourierTest" time="0.465"/>
  <testcase name="courierCanBeCreated" classname="CreatingCourierTest" time="0.473"/>
</testsuite>